This is pdfTeX, Version 3.1415926-2.4-1.40.13 (MiKTeX 2.9) (preloaded format=pdflatex 2013.10.7)  4 NOV 2013 23:34
entering extended mode
**tussentijds*verslag.tex

("G:\Burgerlijk Ingenieur\3 CwsElt\P&O\Indigo\tussentijds rapport\tussentijds rapport\tussentijds rapport\tussentijds ve
rslag.tex"
LaTeX2e <2011/06/27>
Babel <v3.8m> and hyphenation patterns for english, afrikaans, ancientgreek, arabic, armenian, assamese, basque, bengali
, bokmal, bulgarian, catalan, coptic, croatian, czech, danish, dutch, esperanto, estonian, farsi, finnish, french, galic
ian, german, german-x-2012-05-30, greek, gujarati, hindi, hungarian, icelandic, indonesian, interlingua, irish, italian,
 kannada, kurmanji, latin, latvian, lithuanian, malayalam, marathi, mongolian, mongolianlmc, monogreek, ngerman, ngerman
-x-2012-05-30, nynorsk, oriya, panjabi, pinyin, polish, portuguese, romanian, russian, sanskrit, serbian, slovak, sloven
ian, spanish, swedish, swissgerman, tamil, telugu, turkish, turkmen, ukenglish, ukrainian, uppersorbian, usenglishmax, w
elsh, loaded.
(F:\MiKTeX\tex\latex\base\article.cls
Document Class: article 2007/10/19 v1.4h Standard LaTeX document class
(F:\MiKTeX\tex\latex\base\size10.clo
File: size10.clo 2007/10/19 v1.4h Standard LaTeX file (size option)
)
\c@part=\count79
\c@section=\count80
\c@subsection=\count81
\c@subsubsection=\count82
\c@paragraph=\count83
\c@subparagraph=\count84
\c@figure=\count85
\c@table=\count86
\abovecaptionskip=\skip41
\belowcaptionskip=\skip42
\bibindent=\dimen102
) (F:\MiKTeX\tex\latex\graphics\graphicx.sty
Package: graphicx 1999/02/16 v1.0f Enhanced LaTeX Graphics (DPC,SPQR)

(F:\MiKTeX\tex\latex\graphics\keyval.sty
Package: keyval 1999/03/16 v1.13 key=value parser (DPC)
\KV@toks@=\toks14
) (F:\MiKTeX\tex\latex\graphics\graphics.sty
Package: graphics 2009/02/05 v1.0o Standard LaTeX Graphics (DPC,SPQR)

(F:\MiKTeX\tex\latex\graphics\trig.sty
Package: trig 1999/03/16 v1.09 sin cos tan (DPC)
) (F:\MiKTeX\tex\latex\00miktex\graphics.cfg
File: graphics.cfg 2007/01/18 v1.5 graphics configuration of teTeX/TeXLive
)
Package graphics Info: Driver file: pdftex.def on input line 91.

(F:\MiKTeX\tex\latex\pdftex-def\pdftex.def
File: pdftex.def 2011/05/27 v0.06d Graphics/color for pdfTeX
 (F:\MiKTeX\tex\generic\oberdiek\infwarerr.sty
Package: infwarerr 2010/04/08 v1.3 Providing info/warning/error messages (HO)
)
(F:\MiKTeX\tex\generic\oberdiek\ltxcmds.sty
Package: ltxcmds 2011/11/09 v1.22 LaTeX kernel commands for general use (HO)
)
\Gread@gobject=\count87
))
\Gin@req@height=\dimen103
\Gin@req@width=\dimen104
)
("G:\Burgerlijk Ingenieur\3 CwsElt\P&O\Indigo\tussentijds rapport\tussentijds rapport\tussentijds rapport\tussentijds ve
rslag.aux")
LaTeX Font Info:    Checking defaults for OML/cmm/m/it on input line 7.
LaTeX Font Info:    ... okay on input line 7.
LaTeX Font Info:    Checking defaults for T1/cmr/m/n on input line 7.
LaTeX Font Info:    ... okay on input line 7.
LaTeX Font Info:    Checking defaults for OT1/cmr/m/n on input line 7.
LaTeX Font Info:    ... okay on input line 7.
LaTeX Font Info:    Checking defaults for OMS/cmsy/m/n on input line 7.
LaTeX Font Info:    ... okay on input line 7.
LaTeX Font Info:    Checking defaults for OMX/cmex/m/n on input line 7.
LaTeX Font Info:    ... okay on input line 7.
LaTeX Font Info:    Checking defaults for U/cmr/m/n on input line 7.
LaTeX Font Info:    ... okay on input line 7.
 (F:\MiKTeX\tex\context\base\supp-pdf.mkii
[Loading MPS to PDF converter (version 2006.09.02).]
\scratchcounter=\count88
\scratchdimen=\dimen105
\scratchbox=\box26
\nofMPsegments=\count89
\nofMParguments=\count90
\everyMPshowfont=\toks15
\MPscratchCnt=\count91
\MPscratchDim=\dimen106
\MPnumerator=\count92
\makeMPintoPDFobject=\count93
\everyMPtoPDFconversion=\toks16
)

! LaTeX Error: No \title given.

See the LaTeX manual or LaTeX Companion for explanation.
Type  H <return>  for immediate help.
 ...                                              
                                                  
l.9 \maketitle
              
Try typing  <return>  to proceed.
If that doesn't work, type  X <return>  to quit.

LaTeX Font Info:    External font `cmex10' loaded for size
(Font)              <12> on input line 9.
LaTeX Font Info:    External font `cmex10' loaded for size
(Font)              <8> on input line 9.
LaTeX Font Info:    External font `cmex10' loaded for size
(Font)              <6> on input line 9.

LaTeX Warning: No \author given.

<Schema.jpg, id=1, 545.03625pt x 283.0575pt>
File: Schema.jpg Graphic file (type jpg)
 <use Schema.jpg>
Package pdftex.def Info: Schema.jpg used on input line 26.
(pdftex.def)             Requested size: 301.33438pt x 156.49014pt.

Underfull \hbox (badness 10000) in paragraph at lines 37--39

 []

[1

{C:/ProgramData/MiKTeX/2.9/pdftex/config/pdftex.map}]
Underfull \hbox (badness 10000) in paragraph at lines 40--43

 []

LaTeX Font Info:    Try loading font information for OMS+cmr on input line 44.
(F:\MiKTeX\tex\latex\base\omscmr.fd
File: omscmr.fd 1999/05/25 v2.5h Standard LaTeX font definitions
)
LaTeX Font Info:    Font shape `OMS/cmr/m/n' in size <10> not available
(Font)              Font shape `OMS/cmsy/m/n' tried instead on input line 44.

Underfull \hbox (badness 10000) in paragraph at lines 51--52

 []


Underfull \hbox (badness 10000) in paragraph at lines 56--57

 []

[2 <G:/Burgerlijk Ingenieur/3 CwsElt/P&O/Indigo/tussentijds rapport/tussentijds rapport/tussentijds rapport/Schema.jpg>]

Underfull \hbox (badness 10000) in paragraph at lines 59--60

 []

<raspb.jpg, id=15, 1284.8pt x 1027.84pt>
File: raspb.jpg Graphic file (type jpg)
 <use raspb.jpg>
Package pdftex.def Info: raspb.jpg used on input line 63.
(pdftex.def)             Requested size: 106.68738pt x 85.35826pt.

Underfull \hbox (badness 10000) in paragraph at lines 68--70

 []

LaTeX Font Info:    External font `cmex10' loaded for size
(Font)              <7> on input line 71.
LaTeX Font Info:    External font `cmex10' loaded for size
(Font)              <5> on input line 71.

Underfull \hbox (badness 10000) in paragraph at lines 71--72

 []


Underfull \hbox (badness 10000) in paragraph at lines 73--74

 []


Underfull \hbox (badness 10000) in paragraph at lines 75--76

 []

[3 <G:/Burgerlijk Ingenieur/3 CwsElt/P&O/Indigo/tussentijds rapport/tussentijds rapport/tussentijds rapport/raspb.jpg>]
Underfull \hbox (badness 10000) in paragraph at lines 77--78

 []


Underfull \hbox (badness 10000) in paragraph at lines 79--80

 []


Underfull \hbox (badness 10000) in paragraph at lines 81--82

 []

<GUI.png, id=22, 609.77812pt x 480.29437pt>
File: GUI.png Graphic file (type png)
 <use GUI.png>
Package pdftex.def Info: GUI.png used on input line 85.
(pdftex.def)             Requested size: 144.48885pt x 113.81102pt.
 [4 <G:/Burgerlijk Ingenieur/3 CwsElt/P&O/Indigo/tussentijds rapport/tussentijds rapport/tussentijds rapport/GUI.png>] <
opstelling.jpg, id=28, 299.31825pt x 176.45924pt>
File: opstelling.jpg Graphic file (type jpg)

<use opstelling.jpg>
Package pdftex.def Info: opstelling.jpg used on input line 104.
(pdftex.def)             Requested size: 179.59233pt x 105.87634pt.
 [5 <G:/Burgerlijk Ingenieur/3 CwsElt/P&O/Indigo/tussentijds rapport/tussentijds rapport/tussentijds rapport/opstelling.
jpg>]
Underfull \hbox (badness 10000) in paragraph at lines 117--118

 []


Underfull \hbox (badness 10000) in paragraph at lines 119--120

 []


Overfull \hbox (92.07391pt too wide) in paragraph at lines 121--129
[][] 
 []

Missing character: There is no ‚ in font cmr10!
Missing character: There is no Ä in font cmr10!
Missing character: There is no ú in font cmr10!
Missing character: There is no ‚ in font cmr10!
Missing character: There is no Ä in font cmr10!
Missing character: There is no ù in font cmr10!

Underfull \hbox (badness 10000) in paragraph at lines 135--136

 []


Underfull \hbox (badness 10000) in paragraph at lines 137--138

 []


Overfull \hbox (0.97276pt too wide) in paragraph at lines 139--140
[]\OT1/cmr/m/n/10 De licht-in-ten-siteit wordt getest in een kamer met con-troleer-bare licht-bron (d.m.v.
 []


Underfull \hbox (badness 10000) in paragraph at lines 139--140

 []


Underfull \hbox (badness 10000) in paragraph at lines 141--142

 []

[6]
Missing character: There is no ‚ in font cmr10!
Missing character: There is no Ä in font cmr10!
Missing character: There is no ô in font cmr10!

Underfull \hbox (badness 10000) in paragraph at lines 143--145

 []


Underfull \hbox (badness 10000) in paragraph at lines 147--148

 []


Underfull \hbox (badness 10000) in paragraph at lines 149--151

 []


Underfull \hbox (badness 10000) in paragraph at lines 152--153

 []


Underfull \hbox (badness 10000) in paragraph at lines 154--155

 []

[7]
Underfull \hbox (badness 10000) in paragraph at lines 162--163

 []


Underfull \hbox (badness 10000) in paragraph at lines 164--165

 []


Underfull \hbox (badness 10000) in paragraph at lines 166--168

 []


Underfull \hbox (badness 10000) in paragraph at lines 169--170

 []


Underfull \hbox (badness 10000) in paragraph at lines 171--173

 []

[8]
("G:\Burgerlijk Ingenieur\3 CwsElt\P&O\Indigo\tussentijds rapport\tussentijds rapport\tussentijds rapport\tussentijds ve
rslag.aux") ) 
Here is how much of TeX's memory you used:
 1176 strings out of 493921
 15512 string characters out of 3154503
 70982 words of memory out of 3000000
 4502 multiletter control sequences out of 15000+200000
 7934 words of font info for 28 fonts, out of 3000000 for 9000
 841 hyphenation exceptions out of 8191
 27i,8n,19p,917b,215s stack positions out of 5000i,500n,10000p,200000b,50000s
<F:/MiKTeX/fonts/type1/public/amsfonts/cm/cmbx10.pfb><F:/MiKTeX/fonts/type1/public/amsfonts/cm/cmbx12.pfb><
F:/MiKTeX/fonts/type1/public/amsfonts/cm/cmmi10.pfb><F:/MiKTeX/fonts/type1/public/amsfonts/cm/cmr10.pfb><F:/MiKTeX/fonts
/type1/public/amsfonts/cm/cmr12.pfb><F:/MiKTeX/fonts/type1/public/amsfonts/cm/cmr6.pfb><F:/MiKTeX/fonts/type1/public/ams
fonts/cm/cmr7.pfb><F:/MiKTeX/fonts/type1/public/amsfonts/cm/cmr8.pfb><F:/MiKTeX/fonts/type1/public/amsfonts/cm/cmsy10.pf
b><F:/MiKTeX/fonts/type1/public/amsfonts/cm/cmsy7.pfb><F:/MiKTeX/fonts/type1/public/amsfonts/cm/cmti10.pfb>
Output written on "tussentijds verslag.pdf" (8 pages, 662595 bytes).
PDF statistics:
 79 PDF objects out of 1000 (max. 8388607)
 0 named destinations out of 1000 (max. 500000)
 21 words of extra memory for PDF output out of 10000 (max. 10000000)

